<?xml version="1.0" encoding="UTF-8" ?>
<testsuites>

  <testsuite name="Sample" errors="0" tests="1" failures="1" time="0.008" timestamp="2013-01-31T19:28:07.542Z">
    
      <testcase assertions="1" classname="Sample" name="should be equal to 1" time="0.006">
        
          <failure>Expected 1 to equal 0.</failure>
        
      </testcase>
    
  </testsuite>

</testsuites>