<?xml version="1.0" encoding="UTF-8" ?>
<testsuites>

  <testsuite name="Application" errors="0" tests="1" failures="0" time="0.001" timestamp="2013-01-31T19:28:07.543Z">
    
      <testcase assertions="1" classname="Application" name="should be equal to &#x27;sample&#x27;" time="0.001">
        
      </testcase>
    
  </testsuite>

</testsuites>